  pch.cpp
C:\Users\Asus\Desktop\UniStuff\Workshop Stuff\insolusi\insolusi\mainMenuForm.h(1036,1): warning C4554: '&': check operator precedence for possible error; use parentheses to clarify precedence
C:\Users\Asus\Desktop\UniStuff\Workshop Stuff\insolusi\insolusi\BikeListForm.h(329,20): warning C4101: 'myReader': unreferenced local variable
C:\Users\Asus\Desktop\UniStuff\Workshop Stuff\insolusi\insolusi\BikeRiderListForm.h(472,20): warning C4101: 'myReader': unreferenced local variable
C:\Users\Asus\Desktop\UniStuff\Workshop Stuff\insolusi\insolusi\DailyReport.h(2,10): warning C4067: unexpected tokens following preprocessor directive - expected a newline
C:\Users\Asus\Desktop\UniStuff\Workshop Stuff\insolusi\insolusi\DailyReport.h(3,9): warning C4067: unexpected tokens following preprocessor directive - expected a newline
  AdminForm.cpp
  AssemblyInfo.cpp
  BikeListForm.cpp
  BikeRiderListForm.cpp
  DailyReport.cpp
  insolusi.cpp
  LoginForm.cpp
  mainMenuForm.cpp
  RegisterForm.cpp
  ReservationListForm.cpp
  Generating Code...
  .NETFramework,Version=v4.6.1.AssemblyAttributes.cpp
  AdminForm.obj : MSIL module encountered; incremental linking is disabled for MSIL; performing full link
  insolusi.vcxproj -> C:\Users\Asus\Desktop\UniStuff\Workshop Stuff\insolusi\Debug\insolusi.exe
