c:\users\asus\source\repos\insolusi\insolusi\debug\insolusi.pch
c:\users\asus\source\repos\insolusi\insolusi\debug\vc142.pdb
c:\users\asus\source\repos\insolusi\insolusi\debug\pch.obj
c:\users\asus\source\repos\insolusi\insolusi\debug\reservationlistform.obj
c:\users\asus\source\repos\insolusi\insolusi\debug\registerform.obj
c:\users\asus\source\repos\insolusi\insolusi\debug\mainmenuform.obj
c:\users\asus\source\repos\insolusi\insolusi\debug\loginform.obj
c:\users\asus\source\repos\insolusi\insolusi\debug\insolusi.obj
c:\users\asus\source\repos\insolusi\insolusi\debug\dailyreport.obj
c:\users\asus\source\repos\insolusi\insolusi\debug\bikeriderlistform.obj
c:\users\asus\source\repos\insolusi\insolusi\debug\bikelistform.obj
c:\users\asus\source\repos\insolusi\insolusi\debug\assemblyinfo.obj
c:\users\asus\source\repos\insolusi\insolusi\debug\adminform.obj
c:\users\asus\source\repos\insolusi\insolusi\debug\.netframework,version=v4.6.1.assemblyattributes.obj
c:\users\asus\source\repos\insolusi\debug\mysql.data.dll
c:\users\asus\source\repos\insolusi\debug\google.protobuf.dll
c:\users\asus\source\repos\insolusi\debug\bouncycastle.crypto.dll
c:\users\asus\source\repos\insolusi\debug\ubiety.dns.core.dll
c:\users\asus\source\repos\insolusi\debug\renci.sshnet.dll
c:\users\asus\source\repos\insolusi\debug\mysql.data.xml
c:\users\asus\source\repos\insolusi\insolusi\debug\insolusi.adminform.resources
c:\users\asus\source\repos\insolusi\insolusi\debug\insolusi.bikelistform.resources
c:\users\asus\source\repos\insolusi\insolusi\debug\insolusi.bikeriderlistform.resources
c:\users\asus\source\repos\insolusi\insolusi\debug\insolusi.dailyreport.resources
c:\users\asus\source\repos\insolusi\insolusi\debug\insolusi.loginform.resources
c:\users\asus\source\repos\insolusi\insolusi\debug\insolusi.mainmenuform.resources
c:\users\asus\source\repos\insolusi\insolusi\debug\insolusi.registerform.resources
c:\users\asus\source\repos\insolusi\insolusi\debug\insolusi.reservationlistform.resources
c:\users\asus\source\repos\insolusi\debug\insolusi.exe
c:\users\asus\source\repos\insolusi\debug\insolusi.pdb
c:\users\asus\source\repos\insolusi\insolusi\debug\insolusi.tlog\metagen.write.1.tlog
c:\users\asus\source\repos\insolusi\insolusi\debug\app.res
c:\users\asus\source\repos\insolusi\insolusi\debug\insolusi.tlog\cl.command.1.tlog
c:\users\asus\source\repos\insolusi\insolusi\debug\insolusi.tlog\cl.read.1.tlog
c:\users\asus\source\repos\insolusi\insolusi\debug\insolusi.tlog\cl.write.1.tlog
c:\users\asus\source\repos\insolusi\insolusi\debug\insolusi.tlog\insolusi.read.1u.tlog
c:\users\asus\source\repos\insolusi\insolusi\debug\insolusi.tlog\insolusi.write.1u.tlog
c:\users\asus\source\repos\insolusi\insolusi\debug\insolusi.tlog\link.command.1.tlog
c:\users\asus\source\repos\insolusi\insolusi\debug\insolusi.tlog\link.read.1.tlog
c:\users\asus\source\repos\insolusi\insolusi\debug\insolusi.tlog\link.write.1.tlog
c:\users\asus\source\repos\insolusi\insolusi\debug\insolusi.tlog\metagen.read.1.tlog
c:\users\asus\source\repos\insolusi\insolusi\debug\insolusi.tlog\rc.command.1.tlog
c:\users\asus\source\repos\insolusi\insolusi\debug\insolusi.tlog\rc.read.1.tlog
c:\users\asus\source\repos\insolusi\insolusi\debug\insolusi.tlog\rc.write.1.tlog
c:\users\asus\source\repos\insolusi\insolusi\debug\insolusi.tlog\mysql.data.dll.metagen
